<?xml version="1.0" encoding="UTF-8"?>
<!-- Generated by org.testng.reporters.JUnitXMLReporter -->
<testsuite ignored="0" hostname="DESKTOP-9ETLQV3" failures="0" tests="3" name="This suit contains all developed automation tests." time="6.476" errors="0" timestamp="2021-10-27T19:53:42 EEST">
  <testcase classname="tests.example1" name="Example1" time="1.084"/>
  <testcase classname="tests.example1" name="Example2" time="1.055"/>
  <testcase classname="tests.example1" name="Example3" time="0.824"/>
</testsuite> <!-- This suit contains all developed automation tests. -->
