<?xml version="1.0" encoding="UTF-8"?>
<testng-results ignored="0" total="2" passed="2" failed="0" skipped="0">
  <reporter-output>
  </reporter-output>
  <suite started-at="2021-11-03T09:53:54 EET" name="Default suite" finished-at="2021-11-03T09:54:04 EET" duration-ms="9974">
    <groups>
    </groups>
    <test started-at="2021-11-03T09:53:54 EET" name="Default test" finished-at="2021-11-03T09:54:04 EET" duration-ms="9974">
      <class name="tests.A33_FinalTestClassExample">
        <test-method is-config="true" signature="beforeClass()[pri:0, instance:tests.A33_FinalTestClassExample@273e7444]" started-at="2021-11-03T09:53:54 EET" name="beforeClass" finished-at="2021-11-03T09:53:56 EET" duration-ms="1593" status="PASS">
          <reporter-output>
          </reporter-output>
        </test-method> <!-- beforeClass -->
        <test-method signature="finalTEstClassExample(java.lang.String,java.lang.String,java.lang.String,java.lang.String,java.lang.String,java.lang.String,java.lang.String,java.lang.String,java.lang.String,java.lang.String,java.lang.String,java.lang.String)[pri:0, instance:tests.A33_FinalTestClassExample@273e7444]" started-at="2021-11-03T09:53:56 EET" name="finalTEstClassExample" data-provider="dataProviderName" finished-at="2021-11-03T09:54:03 EET" duration-ms="7137" status="PASS">
          <params>
            <param index="0">
              <value>
                <![CDATA[John]]>
              </value>
            </param>
            <param index="1">
              <value>
                <![CDATA[Doe]]>
              </value>
            </param>
            <param index="2">
              <value>
                <![CDATA[testingemail@testingemail123.com]]>
              </value>
            </param>
            <param index="3">
              <value>
                <![CDATA[18]]>
              </value>
            </param>
            <param index="4">
              <value>
                <![CDATA[1200]]>
              </value>
            </param>
            <param index="5">
              <value>
                <![CDATA[Mathe]]>
              </value>
            </param>
            <param index="6">
              <value>
                <![CDATA[Rename]]>
              </value>
            </param>
            <param index="7">
              <value>
                <![CDATA[Me]]>
              </value>
            </param>
            <param index="8">
              <value>
                <![CDATA[testingemail2@testingemail123.com]]>
              </value>
            </param>
            <param index="9">
              <value>
                <![CDATA[20]]>
              </value>
            </param>
            <param index="10">
              <value>
                <![CDATA[1400]]>
              </value>
            </param>
            <param index="11">
              <value>
                <![CDATA[Physic]]>
              </value>
            </param>
          </params>
          <reporter-output>
          </reporter-output>
        </test-method> <!-- finalTEstClassExample -->
        <test-method is-config="true" signature="afterMethod(org.testng.ITestResult)[pri:0, instance:tests.A33_FinalTestClassExample@273e7444]" started-at="2021-11-03T09:54:03 EET" name="afterMethod" finished-at="2021-11-03T09:54:03 EET" duration-ms="0" status="PASS">
          <params>
            <param index="0">
              <value>
                <![CDATA[[TestResult name=finalTEstClassExample status=SUCCESS method=A33_FinalTestClassExample.finalTEstClassExample(java.lang.String,java.lang.String,java.lang.String,java.lang.String,java.lang.String,java.lang.String,java.lang.String,java.lang.String,java.lang.String,java.lang.String,java.lang.String,java.lang.String)[pri:0, instance:tests.A33_FinalTestClassExample@273e7444] output={null}]]]>
              </value>
            </param>
          </params>
          <reporter-output>
          </reporter-output>
        </test-method> <!-- afterMethod -->
        <test-method signature="finalTEstClassExample(java.lang.String,java.lang.String,java.lang.String,java.lang.String,java.lang.String,java.lang.String,java.lang.String,java.lang.String,java.lang.String,java.lang.String,java.lang.String,java.lang.String)[pri:0, instance:tests.A33_FinalTestClassExample@273e7444]" started-at="2021-11-03T09:54:03 EET" name="finalTEstClassExample" data-provider="dataProviderName" finished-at="2021-11-03T09:54:04 EET" duration-ms="1149" status="PASS">
          <params>
            <param index="0">
              <value>
                <![CDATA[Master]]>
              </value>
            </param>
            <param index="1">
              <value>
                <![CDATA[Johny]]>
              </value>
            </param>
            <param index="2">
              <value>
                <![CDATA[testingemail2@testingemail123.com]]>
              </value>
            </param>
            <param index="3">
              <value>
                <![CDATA[19]]>
              </value>
            </param>
            <param index="4">
              <value>
                <![CDATA[1300]]>
              </value>
            </param>
            <param index="5">
              <value>
                <![CDATA[Chem]]>
              </value>
            </param>
            <param index="6">
              <value>
                <![CDATA[Tester]]>
              </value>
            </param>
            <param index="7">
              <value>
                <![CDATA[Testerov]]>
              </value>
            </param>
            <param index="8">
              <value>
                <![CDATA[testingemail2@testingemail123.com]]>
              </value>
            </param>
            <param index="9">
              <value>
                <![CDATA[21]]>
              </value>
            </param>
            <param index="10">
              <value>
                <![CDATA[1500]]>
              </value>
            </param>
            <param index="11">
              <value>
                <![CDATA[Optics]]>
              </value>
            </param>
          </params>
          <reporter-output>
          </reporter-output>
        </test-method> <!-- finalTEstClassExample -->
        <test-method is-config="true" signature="afterMethod(org.testng.ITestResult)[pri:0, instance:tests.A33_FinalTestClassExample@273e7444]" started-at="2021-11-03T09:54:04 EET" name="afterMethod" finished-at="2021-11-03T09:54:04 EET" duration-ms="0" status="PASS">
          <params>
            <param index="0">
              <value>
                <![CDATA[[TestResult name=finalTEstClassExample status=SUCCESS method=A33_FinalTestClassExample.finalTEstClassExample(java.lang.String,java.lang.String,java.lang.String,java.lang.String,java.lang.String,java.lang.String,java.lang.String,java.lang.String,java.lang.String,java.lang.String,java.lang.String,java.lang.String)[pri:0, instance:tests.A33_FinalTestClassExample@273e7444] output={null}]]]>
              </value>
            </param>
          </params>
          <reporter-output>
          </reporter-output>
        </test-method> <!-- afterMethod -->
        <test-method is-config="true" signature="afterClass()[pri:0, instance:tests.A33_FinalTestClassExample@273e7444]" started-at="2021-11-03T09:54:04 EET" name="afterClass" finished-at="2021-11-03T09:54:04 EET" duration-ms="62" status="PASS">
          <reporter-output>
          </reporter-output>
        </test-method> <!-- afterClass -->
      </class> <!-- tests.A33_FinalTestClassExample -->
    </test> <!-- Default test -->
  </suite> <!-- Default suite -->
</testng-results>
