<?xml version="1.0" encoding="UTF-8"?>
<!-- Generated by org.testng.reporters.JUnitXMLReporter -->
<testsuite ignored="0" hostname="DESKTOP-9ETLQV3" failures="0" tests="3" name="Test 2" time="7.396" errors="0" timestamp="2021-11-01T10:55:30 EET">
  <testcase classname="tests.A25_4_ClassAnotationsExample" name="textExample2" time="1.185"/>
  <testcase classname="tests.A25_4_ClassAnotationsExample" name="textExample1" time="1.276"/>
  <testcase classname="tests.A25_4_ClassAnotationsExample" name="textExample3" time="1.506"/>
</testsuite> <!-- Test 2 -->
