<?xml version="1.0" encoding="UTF-8"?>
<!-- Generated by org.testng.reporters.JUnitXMLReporter -->
<testsuite ignored="0" hostname="DESKTOP-9ETLQV3" failures="0" tests="3" name="Test 1" time="7.519" errors="0" timestamp="2021-11-01T10:55:31 EET">
  <testcase classname="tests.A25_3_ClassAnotationsExample" name="textExample2" time="1.487"/>
  <testcase classname="tests.A25_3_ClassAnotationsExample" name="textExample1" time="1.538"/>
  <testcase classname="tests.A25_3_ClassAnotationsExample" name="textExample3" time="1.147"/>
</testsuite> <!-- Test 1 -->
